<?xml version="1.0" encoding="UTF-8"?>
<testng-results ignored="2" total="4" passed="2" failed="0" skipped="0">
  <reporter-output>
  </reporter-output>
  <suite started-at="2022-07-18T20:58:57 IST" name="Suite" finished-at="2022-07-18T20:59:03 IST" duration-ms="5336">
    <groups>
    </groups>
    <test started-at="2022-07-18T20:58:57 IST" name="Test" finished-at="2022-07-18T20:59:03 IST" duration-ms="5336">
      <class name="test.LoginTest">
        <test-method is-config="true" signature="initBrowser()[pri:0, instance:test.LoginTest@f09733f]" started-at="2022-07-18T20:58:50 IST" name="initBrowser" finished-at="2022-07-18T20:58:57 IST" duration-ms="7555" status="PASS">
          <reporter-output>
          </reporter-output>
        </test-method> <!-- initBrowser -->
        <test-method is-config="true" signature="initObject()[pri:0, instance:test.LoginTest@f09733f]" started-at="2022-07-18T20:58:57 IST" name="initObject" finished-at="2022-07-18T20:58:57 IST" duration-ms="21" status="PASS">
          <reporter-output>
          </reporter-output>
        </test-method> <!-- initObject -->
        <test-method signature="login()[pri:0, instance:test.LoginTest@f09733f]" started-at="2022-07-18T20:58:57 IST" name="login" finished-at="2022-07-18T20:59:02 IST" duration-ms="4231" status="PASS">
          <reporter-output>
          </reporter-output>
        </test-method> <!-- login -->
        <test-method is-config="true" signature="tearDown()[pri:0, instance:test.LoginTest@f09733f]" started-at="2022-07-18T20:59:03 IST" name="tearDown" finished-at="2022-07-18T20:59:03 IST" duration-ms="687" status="PASS">
          <reporter-output>
          </reporter-output>
        </test-method> <!-- tearDown -->
      </class> <!-- test.LoginTest -->
      <class name="test.HomeTest">
        <test-method is-config="true" signature="initObject()[pri:0, instance:test.HomeTest@6c1a5b54]" started-at="2022-07-18T20:59:02 IST" name="initObject" finished-at="2022-07-18T20:59:02 IST" duration-ms="3" status="PASS">
          <reporter-output>
          </reporter-output>
        </test-method> <!-- initObject -->
        <test-method signature="logout()[pri:0, instance:test.HomeTest@6c1a5b54]" started-at="2022-07-18T20:59:02 IST" name="logout" finished-at="2022-07-18T20:59:03 IST" duration-ms="1035" status="PASS">
          <reporter-output>
          </reporter-output>
        </test-method> <!-- logout -->
      </class> <!-- test.HomeTest -->
    </test> <!-- Test -->
  </suite> <!-- Suite -->
</testng-results>
